<?xml version="1.0" encoding="UTF-8"?>
<testng-results ignored="0" total="1" passed="1" failed="0" skipped="0">
  <reporter-output>
  </reporter-output>
  <suite started-at="2023-02-18T19:39:48 IST" name="Suite01SanityTesting" finished-at="2023-02-18T19:41:01 IST" duration-ms="72689">
    <groups>
    </groups>
    <test started-at="2023-02-18T19:39:48 IST" name="Test" finished-at="2023-02-18T19:41:01 IST" duration-ms="72689">
      <class name="testNG_TestCases.TC01">
        <test-method is-config="true" signature="launchBrowser(java.lang.String)[pri:0, instance:testNG_TestCases.TC01@1a4013]" started-at="2023-02-18T19:39:48 IST" name="launchBrowser" finished-at="2023-02-18T19:39:51 IST" duration-ms="3003" status="PASS">
          <params>
            <param index="0">
              <value>
                <![CDATA[chrome]]>
              </value>
            </param>
          </params>
          <reporter-output>
          </reporter-output>
        </test-method> <!-- launchBrowser -->
        <test-method is-config="true" signature="beforeclass()[pri:0, instance:testNG_TestCases.TC01@1a4013]" started-at="2023-02-18T19:39:51 IST" name="beforeclass" finished-at="2023-02-18T19:39:51 IST" duration-ms="82" status="PASS">
          <reporter-output>
          </reporter-output>
        </test-method> <!-- beforeclass -->
        <test-method is-config="true" signature="beforemethod()[pri:0, instance:testNG_TestCases.TC01@1a4013]" started-at="2023-02-18T19:39:51 IST" name="beforemethod" finished-at="2023-02-18T19:40:07 IST" duration-ms="15409" status="PASS">
          <reporter-output>
          </reporter-output>
        </test-method> <!-- beforemethod -->
        <test-method signature="tc01()[pri:0, instance:testNG_TestCases.TC01@1a4013]" started-at="2023-02-18T19:40:07 IST" name="tc01" finished-at="2023-02-18T19:40:54 IST" duration-ms="46880" status="PASS">
          <reporter-output>
          </reporter-output>
        </test-method> <!-- tc01 -->
        <test-method is-config="true" signature="afterMethod(org.testng.ITestResult)[pri:0, instance:testNG_TestCases.TC01@1a4013]" started-at="2023-02-18T19:40:54 IST" name="afterMethod" finished-at="2023-02-18T19:41:00 IST" duration-ms="6695" status="PASS">
          <params>
            <param index="0">
              <value>
                <![CDATA[[TestResult name=tc01 status=SUCCESS method=TC01.tc01()[pri:0, instance:testNG_TestCases.TC01@1a4013] output={null}]]]>
              </value>
            </param>
          </params>
          <reporter-output>
          </reporter-output>
        </test-method> <!-- afterMethod -->
        <test-method is-config="true" signature="afterClass()[pri:0, instance:testNG_TestCases.TC01@1a4013]" started-at="2023-02-18T19:41:00 IST" name="afterClass" finished-at="2023-02-18T19:41:00 IST" duration-ms="1" status="PASS">
          <reporter-output>
          </reporter-output>
        </test-method> <!-- afterClass -->
        <test-method is-config="true" signature="afterTest()[pri:0, instance:testNG_TestCases.TC01@1a4013]" started-at="2023-02-18T19:41:00 IST" name="afterTest" finished-at="2023-02-18T19:41:01 IST" duration-ms="537" status="PASS">
          <reporter-output>
          </reporter-output>
        </test-method> <!-- afterTest -->
      </class> <!-- testNG_TestCases.TC01 -->
    </test> <!-- Test -->
  </suite> <!-- Suite01SanityTesting -->
</testng-results>
