<?xml version="1.0" encoding="UTF-8"?>
<!-- Generated by org.testng.reporters.JUnitXMLReporter -->
<testsuite ignored="0" hostname="DESKTOP-9618V0O" failures="0" tests="3" name="FireFox Test" time="0.076" errors="0" timestamp="2023-02-18T16:45:49 IST">
  <testcase classname="practice.Annotations.TC01" name="test02_method_class1" time="0.004"/>
  <testcase classname="practice.Annotations.TC01" name="test01_method_class1" time="0.002"/>
  <testcase classname="practice.Annotations.TC02" name="test03_class4" time="0.003"/>
</testsuite> <!-- FireFox Test -->
